2024-02-21 09:48:56,318 INFO: Поиск страны для столицы "Токио"
2024-02-21 09:48:56,319 INFO: Страна для столицы "Токио": Япония
2024-02-21 09:49:39,052 INFO: Поиск страны для столицы "Токио"
2024-02-21 09:49:39,052 INFO: Страна для столицы "Токио": Япония
2024-02-21 09:49:46,543 INFO: Поиск столицы для страны "Москва"
2024-02-21 09:49:46,543 WARNING: Страна "Москва" не найдена.
2024-02-21 09:50:06,935 INFO: Поиск страны для столицы "Екатеринбург"
2024-02-21 09:50:06,935 INFO: Страна для столицы "Екатеринбург": Россия
2024-02-21 09:50:18,093 INFO: Поиск страны для столицы "Москва"
2024-02-21 09:50:18,094 WARNING: Столица "Москва" не найдена.
2024-02-21 09:50:49,644 INFO: Поиск столицы для страны "Москва"
2024-02-21 09:50:49,644 WARNING: Страна "Москва" не найдена.
2024-02-21 09:51:01,091 INFO: Поиск столицы для страны "Россия"
2024-02-21 09:51:01,091 INFO: Столица страны "Россия": Екатеринбург
2024-02-21 09:51:30,202 INFO: Поиск страны для столицы "Москва"
2024-02-21 09:51:30,202 INFO: Страна для столицы "Москва": Россия
2024-02-21 09:51:50,497 INFO: Поиск столицы для страны "Япония"
2024-02-21 09:51:50,497 INFO: Столица страны "Япония": Токио
2024-02-21 09:51:59,396 INFO: Поиск страны для столицы "Екатеринбург"
2024-02-21 09:51:59,396 WARNING: Столица "Екатеринбург" не найдена.
